Mon Jun 19 2023 15:1:13} [right now!] info: ✔ Database is connected successfully
Mon Jun 19 2023 15:1:13} [right now!] info: Application listening on port 5000
Mon Jun 19 2023 15:3:45 } [PH] info: ✔ Database is connected successfully
Mon Jun 19 2023 15:3:45 } [PH] info: Application listening on port 5000
Mon Jun 19 2023 15:4:1 } [PH] info: ✔ Database is connected successfully
Mon Jun 19 2023 15:4:1 } [PH] info: Application listening on port 5000
Mon Jun 19 2023 15:6:14 } [PH] info: 🛢   Database is connected successfully
Mon Jun 19 2023 15:6:14 } [PH] info: Application  listening on port 5000
Mon Jun 19 2023 15:6:22 } [PH] info: 🛢   Database is connected successfully
Mon Jun 19 2023 15:6:22 } [PH] info: Application  listening on port 5000
Mon Jun 19 2023 15:14:4 } [PH] info: 🛢   Database is connected successfully
Mon Jun 19 2023 15:14:4 } [PH] info: Application  listening on port 5000
Mon Jun 19 2023 15:14:18 } [PH] info: 🛢   Database is connected successfully
Mon Jun 19 2023 15:14:18 } [PH] info: Application  listening on port 5000
Mon Jun 19 2023 15:15:23 } [PH] info: 🛢   Database is connected successfully
Mon Jun 19 2023 15:15:23 } [PH] info: Application  listening on port 5000
Mon Jun 19 2023 15:15:34 } [PH] info: 🛢   Database is connected successfully
Mon Jun 19 2023 15:15:34 } [PH] info: Application  listening on port 5000
Mon Jun 19 2023 15:28:0 } [PH] info: 🛢   Database is connected successfully
Mon Jun 19 2023 15:28:0 } [PH] info: Application  listening on port 5000
Mon Jun 19 2023 15:28:15 } [PH] info: 🛢   Database is connected successfully
Mon Jun 19 2023 15:28:15 } [PH] info: Application  listening on port 5000
Mon Jun 19 2023 15:29:2 } [PH] info: ✔ Database is connected successfully
Mon Jun 19 2023 15:29:2 } [PH] info: Application  listening on port 5000
